<?xml version="1.0" encoding="UTF-8"?>
<testsuite xmlns:xsi="http://www.w3.org/2001/XMLSchema-instance" xsi:noNamespaceSchemaLocation="https://maven.apache.org/surefire/maven-surefire-plugin/xsd/surefire-test-report-3.0.xsd" version="3.0" name="com.testando.carro.CarroTest" time="0.092" tests="17" errors="0" skipped="0" failures="0">
  <properties>
    <property name="java.specification.version" value="22"/>
    <property name="sun.cpu.isalist" value="amd64"/>
    <property name="sun.jnu.encoding" value="UTF-8"/>
    <property name="java.class.path" value="C:\Users\mandr\OneDrive\Documents\GitHub\testeIntegracao\target\test-classes;C:\Users\mandr\OneDrive\Documents\GitHub\testeIntegracao\target\classes;C:\Users\mandr\.m2\repository\org\junit\jupiter\junit-jupiter-api\5.10.0\junit-jupiter-api-5.10.0.jar;C:\Users\mandr\.m2\repository\org\opentest4j\opentest4j\1.3.0\opentest4j-1.3.0.jar;C:\Users\mandr\.m2\repository\org\junit\platform\junit-platform-commons\1.10.0\junit-platform-commons-1.10.0.jar;C:\Users\mandr\.m2\repository\org\apiguardian\apiguardian-api\1.1.2\apiguardian-api-1.1.2.jar;C:\Users\mandr\.m2\repository\org\junit\jupiter\junit-jupiter-engine\5.10.0\junit-jupiter-engine-5.10.0.jar;C:\Users\mandr\.m2\repository\org\junit\platform\junit-platform-engine\1.10.0\junit-platform-engine-1.10.0.jar;C:\Users\mandr\.m2\repository\org\mockito\mockito-core\5.12.0\mockito-core-5.12.0.jar;C:\Users\mandr\.m2\repository\net\bytebuddy\byte-buddy\1.14.15\byte-buddy-1.14.15.jar;C:\Users\mandr\.m2\repository\net\bytebuddy\byte-buddy-agent\1.14.15\byte-buddy-agent-1.14.15.jar;C:\Users\mandr\.m2\repository\org\objenesis\objenesis\3.3\objenesis-3.3.jar;"/>
    <property name="java.vm.vendor" value="Oracle Corporation"/>
    <property name="sun.arch.data.model" value="64"/>
    <property name="user.variant" value=""/>
    <property name="java.vendor.url" value="https://java.oracle.com/"/>
    <property name="user.timezone" value="America/Montevideo"/>
    <property name="user.country.format" value="BR"/>
    <property name="os.name" value="Windows 11"/>
    <property name="java.vm.specification.version" value="22"/>
    <property name="user.country" value="US"/>
    <property name="sun.java.launcher" value="SUN_STANDARD"/>
    <property name="sun.boot.library.path" value="C:\Program Files\Java\jdk-22\bin"/>
    <property name="sun.java.command" value="C:\Users\mandr\AppData\Local\Temp\surefire87929318006537220\surefirebooter-20250610220701595_3.jar C:\Users\mandr\AppData\Local\Temp\surefire87929318006537220 2025-06-10T22-07-01_484-jvmRun1 surefire-20250610220701595_1tmp surefire_0-20250610220701595_2tmp"/>
    <property name="jdk.debug" value="release"/>
    <property name="surefire.test.class.path" value="C:\Users\mandr\OneDrive\Documents\GitHub\testeIntegracao\target\test-classes;C:\Users\mandr\OneDrive\Documents\GitHub\testeIntegracao\target\classes;C:\Users\mandr\.m2\repository\org\junit\jupiter\junit-jupiter-api\5.10.0\junit-jupiter-api-5.10.0.jar;C:\Users\mandr\.m2\repository\org\opentest4j\opentest4j\1.3.0\opentest4j-1.3.0.jar;C:\Users\mandr\.m2\repository\org\junit\platform\junit-platform-commons\1.10.0\junit-platform-commons-1.10.0.jar;C:\Users\mandr\.m2\repository\org\apiguardian\apiguardian-api\1.1.2\apiguardian-api-1.1.2.jar;C:\Users\mandr\.m2\repository\org\junit\jupiter\junit-jupiter-engine\5.10.0\junit-jupiter-engine-5.10.0.jar;C:\Users\mandr\.m2\repository\org\junit\platform\junit-platform-engine\1.10.0\junit-platform-engine-1.10.0.jar;C:\Users\mandr\.m2\repository\org\mockito\mockito-core\5.12.0\mockito-core-5.12.0.jar;C:\Users\mandr\.m2\repository\net\bytebuddy\byte-buddy\1.14.15\byte-buddy-1.14.15.jar;C:\Users\mandr\.m2\repository\net\bytebuddy\byte-buddy-agent\1.14.15\byte-buddy-agent-1.14.15.jar;C:\Users\mandr\.m2\repository\org\objenesis\objenesis\3.3\objenesis-3.3.jar;"/>
    <property name="sun.cpu.endian" value="little"/>
    <property name="user.home" value="C:\Users\mandr"/>
    <property name="user.language" value="en"/>
    <property name="java.specification.vendor" value="Oracle Corporation"/>
    <property name="java.version.date" value="2024-03-19"/>
    <property name="java.home" value="C:\Program Files\Java\jdk-22"/>
    <property name="file.separator" value="\"/>
    <property name="basedir" value="C:\Users\mandr\OneDrive\Documents\GitHub\testeIntegracao"/>
    <property name="java.vm.compressedOopsMode" value="Zero based"/>
    <property name="line.separator" value="&#10;"/>
    <property name="java.vm.specification.vendor" value="Oracle Corporation"/>
    <property name="java.specification.name" value="Java Platform API Specification"/>
    <property name="surefire.real.class.path" value="C:\Users\mandr\AppData\Local\Temp\surefire87929318006537220\surefirebooter-20250610220701595_3.jar"/>
    <property name="user.script" value=""/>
    <property name="sun.management.compiler" value="HotSpot 64-Bit Tiered Compilers"/>
    <property name="java.runtime.version" value="22+36-2370"/>
    <property name="user.name" value="mandr"/>
    <property name="stdout.encoding" value="UTF-8"/>
    <property name="path.separator" value=";"/>
    <property name="os.version" value="10.0"/>
    <property name="java.runtime.name" value="Java(TM) SE Runtime Environment"/>
    <property name="file.encoding" value="UTF-8"/>
    <property name="java.vm.name" value="Java HotSpot(TM) 64-Bit Server VM"/>
    <property name="maven.ext.class.path" value="C:\Program Files\NetBeans-21\netbeans\java\maven-nblib\netbeans-eventspy.jar"/>
    <property name="localRepository" value="C:\Users\mandr\.m2\repository"/>
    <property name="java.vendor.url.bug" value="https://bugreport.java.com/bugreport/"/>
    <property name="java.io.tmpdir" value="C:\Users\mandr\AppData\Local\Temp\"/>
    <property name="java.version" value="22"/>
    <property name="user.dir" value="C:\Users\mandr\OneDrive\Documents\GitHub\testeIntegracao"/>
    <property name="os.arch" value="amd64"/>
    <property name="java.vm.specification.name" value="Java Virtual Machine Specification"/>
    <property name="user.language.format" value="pt"/>
    <property name="sun.os.patch.level" value=""/>
    <property name="native.encoding" value="UTF-8"/>
    <property name="java.library.path" value="C:\Program Files\Java\jdk-22\bin;C:\WINDOWS\Sun\Java\bin;C:\WINDOWS\system32;C:\WINDOWS;C:\Program Files\Common Files\Oracle\Java\javapath;C:\Windows\system32;C:\Windows;C:\Windows\System32\Wbem;C:\Windows\System32\WindowsPowerShell\v1.0\;C:\Windows\System32\OpenSSH\;C:\Program Files (x86)\NVIDIA Corporation\PhysX\Common;C:\Program Files\dotnet\;C:\Program Files\Docker\Docker\resources\bin;C:\Program Files\NVIDIA Corporation\NVIDIA app\NvDLISR;C:\WINDOWS\system32;C:\WINDOWS;C:\WINDOWS\System32\Wbem;C:\WINDOWS\System32\WindowsPowerShell\v1.0\;C:\WINDOWS\System32\OpenSSH\;C:\Program Files\Git\cmd;C:\ProgramData\UNIVALI\Portugol Studio;C:\Program Files\MySQL\MySQL Shell 8.0\bin\;C:\Users\mandr\AppData\Local\Microsoft\WindowsApps;C:\Users\mandr\AppData\Local\Programs\Microsoft VS Code\bin;C:\Users\mandr\AppData\Local\GitHubDesktop\bin;C:\Users\mandr\AppData\Local\Muse Hub\lib;C:\MinGW\bin;C:\flutter\bin;C:\Users\mandr\AppData\Local\Programs\MiKTeX\miktex\bin\x64\;C:\Users\mandr\AppData\Local\Android\Sdk\platform-tools;C:\Program Files\Apache\Maven\bin;C:\Program Files\Java\jdk-22\bin;;."/>
    <property name="java.vm.info" value="mixed mode, sharing"/>
    <property name="stderr.encoding" value="UTF-8"/>
    <property name="java.vendor" value="Oracle Corporation"/>
    <property name="java.vm.version" value="22+36-2370"/>
    <property name="sun.io.unicode.encoding" value="UnicodeLittle"/>
    <property name="java.class.version" value="66.0"/>
  </properties>
  <testcase name="testAbrirPortaComMotorDesligado" classname="com.testando.carro.CarroTest" time="0.03">
    <system-out><![CDATA[Porta destravada
Porta aberta.
]]></system-out>
  </testcase>
  <testcase name="testEventosEmOrdemEsperada" classname="com.testando.carro.CarroTest" time="0.002"/>
  <testcase name="testAbrirPortaComMotorLigadoLancaExcecao" classname="com.testando.carro.CarroTest" time="0.002">
    <system-out><![CDATA[Motor ligado
Porta destravada
]]></system-out>
  </testcase>
  <testcase name="testFrearAcendeLuzDeFreio" classname="com.testando.carro.CarroTest" time="0.001">
    <system-out><![CDATA[Luzes acesas: freio
Carro freando
]]></system-out>
  </testcase>
  <testcase name="testSensorInexistente" classname="com.testando.carro.CarroTest" time="0.002"/>
  <testcase name="testPainelOutput" classname="com.testando.carro.CarroTest" time="0.003"/>
  <testcase name="testPainelMostraBateriaDescarregada" classname="com.testando.carro.CarroTest" time="0.005">
    <system-out><![CDATA[Bateria consumida. Capacidade restante: 38.0
Bateria consumida. Capacidade restante: 28.0
Bateria consumida. Capacidade restante: 18.0
Bateria consumida. Capacidade restante: 8.0
Bateria descarregada.
]]></system-out>
  </testcase>
  <testcase name="testAceleracaoReduzBateria" classname="com.testando.carro.CarroTest" time="0.004">
    <system-out><![CDATA[Motor ligado
Bateria consumida. Capacidade restante: 46.0
Suspensão ajustada automaticamente conforme marcha: 1
Desgaste aplicado. Capacidade restante: 39.0
Combustível consumido. Nível atual: 8.5
Bateria carregada. Capacidade atual: 47.0
A porta já está travada.
A porta já está travada.
Carro acelerando
]]></system-out>
  </testcase>
  <testcase name="testMotorNaoLigaSemCombustivelOuBateria" classname="com.testando.carro.CarroTest" time="0.002">
    <system-out><![CDATA[Tanque vazio!
Bateria consumida. Capacidade restante: 38.0
Bateria consumida. Capacidade restante: 28.0
Bateria consumida. Capacidade restante: 18.0
Bateria consumida. Capacidade restante: 8.0
Bateria descarregada.
ERRO: A bateria está vazia
]]></system-out>
  </testcase>
  <testcase name="testAceleracaoConsomeCombustivel" classname="com.testando.carro.CarroTest" time="0.002">
    <system-out><![CDATA[Motor ligado
Bateria consumida. Capacidade restante: 46.0
Suspensão ajustada automaticamente conforme marcha: 1
Desgaste aplicado. Capacidade restante: 39.0
Combustível consumido. Nível atual: 8.5
Bateria carregada. Capacidade atual: 47.0
A porta já está travada.
A porta já está travada.
Carro acelerando
]]></system-out>
  </testcase>
  <testcase name="testSuspensaoSeAjustaConformeMarcha" classname="com.testando.carro.CarroTest" time="0.003">
    <system-out><![CDATA[Motor ligado
Bateria consumida. Capacidade restante: 46.0
Suspensão ajustada automaticamente conforme marcha: 2
Desgaste aplicado. Capacidade restante: 39.0
Combustível consumido. Nível atual: 8.5
Bateria carregada. Capacidade atual: 47.0
A porta já está travada.
A porta já está travada.
Carro acelerando
Bateria consumida. Capacidade restante: 45.0
Suspensão ajustada automaticamente conforme marcha: 3
Desgaste aplicado. Capacidade restante: 38.0
Combustível consumido. Nível atual: 7.0
Bateria carregada. Capacidade atual: 46.0
A porta já está travada.
A porta já está travada.
Carro acelerando
Bateria consumida. Capacidade restante: 44.0
Suspensão ajustada automaticamente conforme marcha: 4
Desgaste aplicado. Capacidade restante: 37.0
Combustível consumido. Nível atual: 5.5
Bateria carregada. Capacidade atual: 45.0
A porta já está travada.
A porta já está travada.
Carro acelerando
Bateria consumida. Capacidade restante: 43.0
Suspensão ajustada automaticamente conforme marcha: 5
Desgaste aplicado. Capacidade restante: 36.0
Combustível consumido. Nível atual: 4.0
Bateria carregada. Capacidade atual: 44.0
A porta já está travada.
A porta já está travada.
Carro acelerando
]]></system-out>
  </testcase>
  <testcase name="testPortasCorretamenteCriadas" classname="com.testando.carro.CarroTest" time="0.002"/>
  <testcase name="testAceleracaoTravaPortas" classname="com.testando.carro.CarroTest" time="0.001">
    <system-out><![CDATA[Porta destravada
Motor ligado
Bateria consumida. Capacidade restante: 46.0
Suspensão ajustada automaticamente conforme marcha: 1
Desgaste aplicado. Capacidade restante: 39.0
Combustível consumido. Nível atual: 8.5
Bateria carregada. Capacidade atual: 47.0
Porta travada.
A porta já está travada.
Carro acelerando
]]></system-out>
  </testcase>
  <testcase name="testBancoNaoAjustaComBateriaZerada" classname="com.testando.carro.CarroTest" time="0.0">
    <system-out><![CDATA[Bateria consumida. Capacidade restante: 38.0
Bateria consumida. Capacidade restante: 28.0
Bateria consumida. Capacidade restante: 18.0
Bateria consumida. Capacidade restante: 8.0
Bateria descarregada.
ERRO: NÃO FOI POSSÍVEL AJUSTAR A ALTURA
]]></system-out>
  </testcase>
  <testcase name="testAceleracaoDesgastaPneus" classname="com.testando.carro.CarroTest" time="0.001">
    <system-out><![CDATA[Motor ligado
Bateria consumida. Capacidade restante: 46.0
Suspensão ajustada automaticamente conforme marcha: 1
Desgaste aplicado. Capacidade restante: 39.0
Combustível consumido. Nível atual: 8.5
Bateria carregada. Capacidade atual: 47.0
A porta já está travada.
A porta já está travada.
Carro acelerando
]]></system-out>
  </testcase>
  <testcase name="testAceleracaoRecarregaBateria" classname="com.testando.carro.CarroTest" time="0.002">
    <system-out><![CDATA[Bateria consumida. Capacidade restante: 38.0
Bateria consumida. Capacidade restante: 28.0
Bateria consumida. Capacidade restante: 18.0
Bateria consumida. Capacidade restante: 8.0
Bateria descarregada.
ERRO: A bateria está vazia
Bateria descarregada.
ERRO: Bateria vazia, ou altura errada
Suspensão ajustada automaticamente conforme marcha: 1
Desgaste aplicado. Capacidade restante: 39.0
Combustível consumido. Nível atual: 8.5
Bateria recarregada e reativada.
A porta já está travada.
A porta já está travada.
Carro acelerando
]]></system-out>
  </testcase>
  <testcase name="testAceleracaoAumentaMarcha" classname="com.testando.carro.CarroTest" time="0.002">
    <system-out><![CDATA[Motor ligado
Bateria consumida. Capacidade restante: 46.0
Suspensão ajustada automaticamente conforme marcha: 1
Desgaste aplicado. Capacidade restante: 39.0
Combustível consumido. Nível atual: 8.5
Bateria carregada. Capacidade atual: 47.0
A porta já está travada.
A porta já está travada.
Carro acelerando
]]></system-out>
  </testcase>
</testsuite>