<?xml version="1.0" encoding="UTF-8"?>
<testsuite xmlns:xsi="http://www.w3.org/2001/XMLSchema-instance" xsi:noNamespaceSchemaLocation="https://maven.apache.org/surefire/maven-surefire-plugin/xsd/surefire-test-report-3.0.xsd" version="3.0" name="com.testando.carro.CarroTest" time="0.082" tests="18" errors="0" skipped="0" failures="0">
  <properties>
    <property name="java.specification.version" value="22"/>
    <property name="sun.cpu.isalist" value="amd64"/>
    <property name="sun.jnu.encoding" value="Cp1252"/>
    <property name="java.class.path" value="C:\Users\viky2\Documents\Github\testeIntegracao\target\test-classes;C:\Users\viky2\Documents\Github\testeIntegracao\target\classes;C:\Users\viky2\.m2\repository\org\junit\jupiter\junit-jupiter-api\5.10.0\junit-jupiter-api-5.10.0.jar;C:\Users\viky2\.m2\repository\org\opentest4j\opentest4j\1.3.0\opentest4j-1.3.0.jar;C:\Users\viky2\.m2\repository\org\junit\platform\junit-platform-commons\1.10.0\junit-platform-commons-1.10.0.jar;C:\Users\viky2\.m2\repository\org\apiguardian\apiguardian-api\1.1.2\apiguardian-api-1.1.2.jar;C:\Users\viky2\.m2\repository\org\junit\jupiter\junit-jupiter-engine\5.10.0\junit-jupiter-engine-5.10.0.jar;C:\Users\viky2\.m2\repository\org\junit\platform\junit-platform-engine\1.10.0\junit-platform-engine-1.10.0.jar;C:\Users\viky2\.m2\repository\org\mockito\mockito-core\5.12.0\mockito-core-5.12.0.jar;C:\Users\viky2\.m2\repository\net\bytebuddy\byte-buddy\1.14.15\byte-buddy-1.14.15.jar;C:\Users\viky2\.m2\repository\net\bytebuddy\byte-buddy-agent\1.14.15\byte-buddy-agent-1.14.15.jar;C:\Users\viky2\.m2\repository\org\objenesis\objenesis\3.3\objenesis-3.3.jar;"/>
    <property name="java.vm.vendor" value="Oracle Corporation"/>
    <property name="sun.arch.data.model" value="64"/>
    <property name="user.variant" value=""/>
    <property name="java.vendor.url" value="https://java.oracle.com/"/>
    <property name="user.timezone" value="America/Montevideo"/>
    <property name="user.country.format" value="UY"/>
    <property name="os.name" value="Windows 11"/>
    <property name="java.vm.specification.version" value="22"/>
    <property name="user.country" value="US"/>
    <property name="sun.java.launcher" value="SUN_STANDARD"/>
    <property name="sun.boot.library.path" value="C:\Program Files\Java\jdk-22\bin"/>
    <property name="sun.java.command" value="C:\Users\viky2\AppData\Local\Temp\surefire2298823266970098439\surefirebooter-20250610151614438_3.jar C:\Users\viky2\AppData\Local\Temp\surefire2298823266970098439 2025-06-10T15-16-14_323-jvmRun1 surefire-20250610151614438_1tmp surefire_0-20250610151614438_2tmp"/>
    <property name="jdk.debug" value="release"/>
    <property name="surefire.test.class.path" value="C:\Users\viky2\Documents\Github\testeIntegracao\target\test-classes;C:\Users\viky2\Documents\Github\testeIntegracao\target\classes;C:\Users\viky2\.m2\repository\org\junit\jupiter\junit-jupiter-api\5.10.0\junit-jupiter-api-5.10.0.jar;C:\Users\viky2\.m2\repository\org\opentest4j\opentest4j\1.3.0\opentest4j-1.3.0.jar;C:\Users\viky2\.m2\repository\org\junit\platform\junit-platform-commons\1.10.0\junit-platform-commons-1.10.0.jar;C:\Users\viky2\.m2\repository\org\apiguardian\apiguardian-api\1.1.2\apiguardian-api-1.1.2.jar;C:\Users\viky2\.m2\repository\org\junit\jupiter\junit-jupiter-engine\5.10.0\junit-jupiter-engine-5.10.0.jar;C:\Users\viky2\.m2\repository\org\junit\platform\junit-platform-engine\1.10.0\junit-platform-engine-1.10.0.jar;C:\Users\viky2\.m2\repository\org\mockito\mockito-core\5.12.0\mockito-core-5.12.0.jar;C:\Users\viky2\.m2\repository\net\bytebuddy\byte-buddy\1.14.15\byte-buddy-1.14.15.jar;C:\Users\viky2\.m2\repository\net\bytebuddy\byte-buddy-agent\1.14.15\byte-buddy-agent-1.14.15.jar;C:\Users\viky2\.m2\repository\org\objenesis\objenesis\3.3\objenesis-3.3.jar;"/>
    <property name="sun.cpu.endian" value="little"/>
    <property name="user.home" value="C:\Users\viky2"/>
    <property name="user.language" value="en"/>
    <property name="java.specification.vendor" value="Oracle Corporation"/>
    <property name="java.version.date" value="2024-07-16"/>
    <property name="java.home" value="C:\Program Files\Java\jdk-22"/>
    <property name="file.separator" value="\"/>
    <property name="basedir" value="C:\Users\viky2\Documents\Github\testeIntegracao"/>
    <property name="java.vm.compressedOopsMode" value="Zero based"/>
    <property name="line.separator" value="&#10;"/>
    <property name="java.vm.specification.vendor" value="Oracle Corporation"/>
    <property name="java.specification.name" value="Java Platform API Specification"/>
    <property name="surefire.real.class.path" value="C:\Users\viky2\AppData\Local\Temp\surefire2298823266970098439\surefirebooter-20250610151614438_3.jar"/>
    <property name="user.script" value=""/>
    <property name="sun.management.compiler" value="HotSpot 64-Bit Tiered Compilers"/>
    <property name="java.runtime.version" value="22.0.2+9-70"/>
    <property name="user.name" value="viky2"/>
    <property name="stdout.encoding" value="Cp1252"/>
    <property name="path.separator" value=";"/>
    <property name="os.version" value="10.0"/>
    <property name="java.runtime.name" value="Java(TM) SE Runtime Environment"/>
    <property name="file.encoding" value="UTF-8"/>
    <property name="java.vm.name" value="Java HotSpot(TM) 64-Bit Server VM"/>
    <property name="maven.ext.class.path" value="C:\Program Files\NetBeans-22\netbeans\java\maven-nblib\netbeans-eventspy.jar"/>
    <property name="localRepository" value="C:\Users\viky2\.m2\repository"/>
    <property name="java.vendor.url.bug" value="https://bugreport.java.com/bugreport/"/>
    <property name="java.io.tmpdir" value="C:\Users\viky2\AppData\Local\Temp\"/>
    <property name="java.version" value="22.0.2"/>
    <property name="user.dir" value="C:\Users\viky2\Documents\Github\testeIntegracao"/>
    <property name="os.arch" value="amd64"/>
    <property name="java.vm.specification.name" value="Java Virtual Machine Specification"/>
    <property name="user.language.format" value="es"/>
    <property name="sun.os.patch.level" value=""/>
    <property name="native.encoding" value="Cp1252"/>
    <property name="java.library.path" value="C:\Program Files\Java\jdk-22\bin;C:\WINDOWS\Sun\Java\bin;C:\WINDOWS\system32;C:\WINDOWS;C:\Program Files\Common Files\Oracle\Java\javapath;C:\Program Files (x86)\Common Files\Oracle\Java\java8path;C:\Program Files (x86)\Common Files\Oracle\Java\javapath;C:\WINDOWS\system32;C:\WINDOWS;C:\WINDOWS\System32\Wbem;C:\WINDOWS\System32\WindowsPowerShell\v1.0\;C:\WINDOWS\System32\OpenSSH\;C:\Program Files\Inkscape\bin;C:\Program Files\dotnet\;C:\Program Files (x86)\Windows Kits\10\Windows Performance Toolkit\;C:\Program Files (x86)\NVIDIA Corporation\PhysX\Common;C:\Program Files\Docker\Docker\resources\bin;C:\Program Files\Git\cmd;C:\Program Files\NVIDIA Corporation\NVIDIA app\NvDLISR;C:\Users\viky2\AppData\Local\Programs\Python\Python312\Scripts\;C:\Users\viky2\AppData\Local\Programs\Python\Python312\;C:\Users\viky2\AppData\Local\Microsoft\WindowsApps;C:\Users\viky2\.dotnet\tools;C:\Users\viky2\AppData\Local\Programs\Microsoft VS Code\bin;C:\Users\viky2\AppData\Local\GitHubDesktop\bin;;."/>
    <property name="java.vm.info" value="mixed mode, sharing"/>
    <property name="stderr.encoding" value="Cp1252"/>
    <property name="java.vendor" value="Oracle Corporation"/>
    <property name="java.vm.version" value="22.0.2+9-70"/>
    <property name="sun.io.unicode.encoding" value="UnicodeLittle"/>
    <property name="java.class.version" value="66.0"/>
  </properties>
  <testcase name="testPortaInicialmenteTravada" classname="com.testando.carro.CarroTest" time="0.033">
    <system-out><![CDATA[ERRO: PORTA TRAVADA WIIIWOOOWIIIWOOOWIIIWOOO!!!!
]]></system-out>
  </testcase>
  <testcase name="testVerificarPressaoComAssertEquals" classname="com.testando.carro.CarroTest" time="0.001"/>
  <testcase name="testPainelLigarDisplayNaoLancaExcecao" classname="com.testando.carro.CarroTest" time="0.002">
    <system-out><![CDATA[Display ligado.
]]></system-out>
  </testcase>
  <testcase name="testFreiarMultiplasVezesAcumulaDesgaste" classname="com.testando.carro.CarroTest" time="0.0"/>
  <testcase name="testMotorLigar" classname="com.testando.carro.CarroTest" time="0.001">
    <system-out><![CDATA[ERRO: Sem combustivel
]]></system-out>
  </testcase>
  <testcase name="testLuzesTipoNaoNula" classname="com.testando.carro.CarroTest" time="0.001"/>
  <testcase name="testMotorTimeoutOperacao" classname="com.testando.carro.CarroTest" time="0.002">
    <system-out><![CDATA[Carro acelerando
]]></system-out>
  </testcase>
  <testcase name="testAjustarEncostoComAssertEquals" classname="com.testando.carro.CarroTest" time="0.001">
    <system-out><![CDATA[Encosto ajustado para: Reclinado
]]></system-out>
  </testcase>
  <testcase name="testAjustarPressaoExcedeCapacidadeComAssertNotEquals" classname="com.testando.carro.CarroTest" time="0.002">
    <system-out><![CDATA[ERRO: CAPACIDADE INVALIDA (Maior que a capacidade)
]]></system-out>
  </testcase>
  <testcase name="testTransmissaoTrocarMarcha" classname="com.testando.carro.CarroTest" time="0.001"/>
  <testcase name="testAjustarAlturaComAssertTimeout" classname="com.testando.carro.CarroTest" time="0.005">
    <system-out><![CDATA[Altura ajustada para: 10.0 cm
]]></system-out>
  </testcase>
  <testcase name="testPainelDisplayIniciaDesligado" classname="com.testando.carro.CarroTest" time="0.001"/>
  <testcase name="testPortaDestravarComChaveCorreta" classname="com.testando.carro.CarroTest" time="0.0">
    <system-out><![CDATA[Porta destravada
Porta aberta.
]]></system-out>
  </testcase>
  <testcase name="testSuspensaoAjustarAlturaValida" classname="com.testando.carro.CarroTest" time="0.001"/>
  <testcase name="testNaoAumentaMarchaAcimaDoLimite" classname="com.testando.carro.CarroTest" time="0.001">
    <system-out><![CDATA[ERRO: Marcha InvÃ¡lida
]]></system-out>
  </testcase>
  <testcase name="testSuspensaoTipoEsperado" classname="com.testando.carro.CarroTest" time="0.001"/>
  <testcase name="testLuzesEstadoInicial" classname="com.testando.carro.CarroTest" time="0.0"/>
  <testcase name="testSubstituirPastilhasZeraDesgaste" classname="com.testando.carro.CarroTest" time="0.0"/>
</testsuite>